<?xml version="1.0" encoding="UTF-8"?>
<testng-results skipped="0" failed="0" ignored="0" total="0" passed="0">
  <reporter-output>
  </reporter-output>
  <suite name="test_suite" duration-ms="2660" started-at="2019-08-08T08:36:09Z" finished-at="2019-08-08T08:36:12Z">
    <groups>
    </groups>
    <test name="Before Class" duration-ms="2660" started-at="2019-08-08T08:36:09Z" finished-at="2019-08-08T08:36:12Z">
      <class name="Test.Demo">
        <test-method status="PASS" signature="m()[pri:0, instance:Test.Demo@26be92ad]" name="m" is-config="true" duration-ms="2650" started-at="2019-08-08T08:36:09Z" finished-at="2019-08-08T08:36:12Z">
          <reporter-output>
          </reporter-output>
        </test-method> <!-- m -->
      </class> <!-- Test.Demo -->
    </test> <!-- Before Class -->
  </suite> <!-- test_suite -->
</testng-results>
